<?xml version="1.0" encoding="UTF-8"?>
<testng-results skipped="0" failed="0" ignored="0" total="1" passed="1">
  <reporter-output>
  </reporter-output>
  <suite name="Suite" duration-ms="67" started-at="2022-11-24T06:50:17 IST" finished-at="2022-11-24T06:50:18 IST">
    <groups>
    </groups>
    <test name="Test" duration-ms="67" started-at="2022-11-24T06:50:17 IST" finished-at="2022-11-24T06:50:18 IST">
      <class name="com.Batch.CMD.RunFromCMD">
        <test-method status="PASS" signature="test1()[pri:0, instance:com.Batch.CMD.RunFromCMD@262b2c86]" name="test1" duration-ms="12" started-at="2022-11-24T06:50:17 IST" finished-at="2022-11-24T06:50:18 IST">
          <reporter-output>
          </reporter-output>
        </test-method> <!-- test1 -->
      </class> <!-- com.Batch.CMD.RunFromCMD -->
    </test> <!-- Test -->
  </suite> <!-- Suite -->
</testng-results>
